python3: can't open file '../modifed_rewards_1.py': [Errno 2] No such file or directory
2018-12-06 01:18:20.296144: I tensorflow/core/platform/cpu_feature_guard.cc:141] Your CPU supports instructions that this TensorFlow binary was not compiled to use: AVX2 FMA
_________________________________________________________________
Layer (type)                 Output Shape              Param #   
=================================================================
dense_1 (Dense)              (None, 128)               16512     
_________________________________________________________________
dense_2 (Dense)              (None, 128)               16512     
_________________________________________________________________
dense_3 (Dense)              (None, 128)               16512     
_________________________________________________________________
dense_4 (Dense)              (None, 9)                 1161      
=================================================================
Total params: 50,697
Trainable params: 50,697
Non-trainable params: 0
_________________________________________________________________
Running first episode
Completed: 50 episodes
Completed: 100 episodes
Completed: 150 episodes
Completed: 200 episodes
Completed: 250 episodes
Completed: 300 episodes
Completed: 350 episodes
Completed: 400 episodes
Completed: 450 episodes
Completed: 500 episodes
Completed: 550 episodes
Completed: 600 episodes
Completed: 650 episodes
Completed: 700 episodes
Completed: 750 episodes
Completed: 800 episodes
Completed: 850 episodes
Completed: 900 episodes
Completed: 950 episodes
Completed: 1000 episodes
saved weights successfully
Completed: 1050 episodes
Completed: 1100 episodes
Completed: 1150 episodes
Completed: 1200 episodes
Completed: 1250 episodes
Completed: 1300 episodes
Completed: 1350 episodes
Completed: 1400 episodes
Completed: 1450 episodes
Completed: 1500 episodes
Completed: 1550 episodes
Completed: 1600 episodes
Completed: 1650 episodes
Completed: 1700 episodes
Completed: 1750 episodes
Completed: 1800 episodes
Completed: 1850 episodes
Completed: 1900 episodes
Completed: 1950 episodes
Completed: 2000 episodes
saved weights successfully
Completed: 2050 episodes
Completed: 2100 episodes
Completed: 2150 episodes
