2018-12-06 17:31:18.123031: I tensorflow/core/platform/cpu_feature_guard.cc:141] Your CPU supports instructions that this TensorFlow binary was not compiled to use: AVX2 FMA
_________________________________________________________________
Layer (type)                 Output Shape              Param #   
=================================================================
dense_1 (Dense)              (None, 128)               16512     
_________________________________________________________________
dense_2 (Dense)              (None, 128)               16512     
_________________________________________________________________
dense_3 (Dense)              (None, 128)               16512     
_________________________________________________________________
dense_4 (Dense)              (None, 9)                 1161      
=================================================================
Total params: 50,697
Trainable params: 50,697
Non-trainable params: 0
_________________________________________________________________
Running first episode
Completed: 17050 episodes
Completed: 17100 episodes
Completed: 17150 episodes
Completed: 17200 episodes
Completed: 17250 episodes
Completed: 17300 episodes
Completed: 17350 episodes
Completed: 17400 episodes
Completed: 17450 episodes
Completed: 17500 episodes
Completed: 17550 episodes
Completed: 17600 episodes
Completed: 17650 episodes
Completed: 17700 episodes
Completed: 17750 episodes
Completed: 17800 episodes
Completed: 17850 episodes
Completed: 17900 episodes
Completed: 17950 episodes
Completed: 18000 episodes
saved weights successfully
Completed: 18050 episodes
Completed: 18100 episodes
Completed: 18150 episodes
Completed: 18200 episodes
Completed: 18250 episodes
Completed: 18300 episodes
Completed: 18350 episodes
Completed: 18400 episodes
Completed: 18450 episodes
Completed: 18500 episodes
Completed: 18550 episodes
Completed: 18600 episodes
Completed: 18650 episodes
Completed: 18700 episodes
Completed: 18750 episodes
Completed: 18800 episodes
Completed: 18850 episodes
Completed: 18900 episodes
Completed: 18950 episodes
Completed: 19000 episodes
saved weights successfully
Completed: 19050 episodes
Completed: 19100 episodes
Completed: 19150 episodes
Completed: 19200 episodes
Completed: 19250 episodes
Completed: 19300 episodes
Completed: 19350 episodes
Completed: 19400 episodes
Completed: 19450 episodes
Completed: 19500 episodes
Completed: 19550 episodes
Completed: 19600 episodes
Completed: 19650 episodes
Completed: 19700 episodes
Completed: 19750 episodes
Completed: 19800 episodes
Completed: 19850 episodes
Completed: 19900 episodes
Completed: 19950 episodes
Completed: 20000 episodes
saved weights successfully
Completed: 20050 episodes
Completed: 20100 episodes
Completed: 20150 episodes
Completed: 20200 episodes
Completed: 20250 episodes
Completed: 20300 episodes
Completed: 20350 episodes
Completed: 20400 episodes
Completed: 20450 episodes
Completed: 20500 episodes
Completed: 20550 episodes
Completed: 20600 episodes
Completed: 20650 episodes
Completed: 20700 episodes
Completed: 20750 episodes
Completed: 20800 episodes
Completed: 20850 episodes
Completed: 20900 episodes
Completed: 20950 episodes
Completed: 21000 episodes
saved weights successfully
Completed: 21050 episodes
Completed: 21100 episodes
Completed: 21150 episodes
Completed: 21200 episodes
Completed: 21250 episodes
Completed: 21300 episodes
Completed: 21350 episodes
Completed: 21400 episodes
Completed: 21450 episodes
Completed: 21500 episodes
Completed: 21550 episodes
Completed: 21600 episodes
Completed: 21650 episodes
Completed: 21700 episodes
Completed: 21750 episodes
Completed: 21800 episodes
Completed: 21850 episodes
Completed: 21900 episodes
Completed: 21950 episodes
Completed: 22000 episodes
saved weights successfully
Completed: 22050 episodes
Completed: 22100 episodes
Completed: 22150 episodes
Completed: 22200 episodes
Completed: 22250 episodes
Completed: 22300 episodes
Completed: 22350 episodes
Completed: 22400 episodes
Completed: 22450 episodes
Completed: 22500 episodes
Completed: 22550 episodes
Completed: 22600 episodes
Completed: 22650 episodes
Completed: 22700 episodes
Completed: 22750 episodes
Completed: 22800 episodes
Completed: 22850 episodes
Completed: 22900 episodes
Completed: 22950 episodes
Completed: 23000 episodes
saved weights successfully
Completed: 23050 episodes
Completed: 23100 episodes
Completed: 23150 episodes
Completed: 23200 episodes
Completed: 23250 episodes
Completed: 23300 episodes
Completed: 23350 episodes
Completed: 23400 episodes
Completed: 23450 episodes
Completed: 23500 episodes
Completed: 23550 episodes
Completed: 23600 episodes
Completed: 23650 episodes
Completed: 23700 episodes
Completed: 23750 episodes
Completed: 23800 episodes
Completed: 23850 episodes
Completed: 23900 episodes
Completed: 23950 episodes
Completed: 24000 episodes
saved weights successfully
Completed: 24050 episodes
Completed: 24100 episodes
Completed: 24150 episodes
Completed: 24200 episodes
Completed: 24250 episodes
Completed: 24300 episodes
Completed: 24350 episodes
Completed: 24400 episodes
Completed: 24450 episodes
Completed: 24500 episodes
Completed: 24550 episodes
Completed: 24600 episodes
Completed: 24650 episodes
Completed: 24700 episodes
Completed: 24750 episodes
Completed: 24800 episodes
Completed: 24850 episodes
Completed: 24900 episodes
Completed: 24950 episodes
Completed: 25000 episodes
saved weights successfully
Completed: 25050 episodes
Completed: 25100 episodes
Completed: 25150 episodes
Completed: 25200 episodes
Completed: 25250 episodes
Completed: 25300 episodes
Completed: 25350 episodes
Completed: 25400 episodes
Completed: 25450 episodes
Completed: 25500 episodes
Completed: 25550 episodes
Completed: 25600 episodes
Completed: 25650 episodes
Completed: 25700 episodes
Completed: 25750 episodes
Completed: 25800 episodes
Completed: 25850 episodes
Completed: 25900 episodes
Completed: 25950 episodes
Completed: 26000 episodes
saved weights successfully
Completed: 26050 episodes
Completed: 26100 episodes
Completed: 26150 episodes
Completed: 26200 episodes
Completed: 26250 episodes
Completed: 26300 episodes
Completed: 26350 episodes
Completed: 26400 episodes
Completed: 26450 episodes
Completed: 26500 episodes
Completed: 26550 episodes
Completed: 26600 episodes
Completed: 26650 episodes
Completed: 26700 episodes
Completed: 26750 episodes
Completed: 26800 episodes
Completed: 26850 episodes
Completed: 26900 episodes
Completed: 26950 episodes
Completed: 27000 episodes
saved weights successfully
Completed: 27050 episodes
Completed: 27100 episodes
Completed: 27150 episodes
Completed: 27200 episodes
Completed: 27250 episodes
Completed: 27300 episodes
Completed: 27350 episodes
Completed: 27400 episodes
Completed: 27450 episodes
Completed: 27500 episodes
Completed: 27550 episodes
Completed: 27600 episodes
Completed: 27650 episodes
Completed: 27700 episodes
Completed: 27750 episodes
Completed: 27800 episodes
Completed: 27850 episodes
Completed: 27900 episodes
Completed: 27950 episodes
Completed: 28000 episodes
saved weights successfully
Completed: 28050 episodes
Completed: 28100 episodes
Completed: 28150 episodes
Completed: 28200 episodes
Completed: 28250 episodes
Completed: 28300 episodes
Completed: 28350 episodes
Completed: 28400 episodes
Completed: 28450 episodes
Completed: 28500 episodes
Completed: 28550 episodes
Completed: 28600 episodes
Completed: 28650 episodes
Completed: 28700 episodes
Completed: 28750 episodes
Completed: 28800 episodes
Completed: 28850 episodes
Completed: 28900 episodes
Completed: 28950 episodes
Completed: 29000 episodes
saved weights successfully
Completed: 29050 episodes
Completed: 29100 episodes
Completed: 29150 episodes
Completed: 29200 episodes
Completed: 29250 episodes
Completed: 29300 episodes
Completed: 29350 episodes
Completed: 29400 episodes
Completed: 29450 episodes
Completed: 29500 episodes
Completed: 29550 episodes
Completed: 29600 episodes
Completed: 29650 episodes
Completed: 29700 episodes
Completed: 29750 episodes
Completed: 29800 episodes
Completed: 29850 episodes
Completed: 29900 episodes
Completed: 29950 episodes
Completed: 30000 episodes
saved weights successfully
Completed: 30050 episodes
Completed: 30100 episodes
Completed: 30150 episodes
Completed: 30200 episodes
Completed: 30250 episodes
Completed: 30300 episodes
Completed: 30350 episodes
Completed: 30400 episodes
Completed: 30450 episodes
Completed: 30500 episodes
Completed: 30550 episodes
Completed: 30600 episodes
Completed: 30650 episodes
Completed: 30700 episodes
Completed: 30750 episodes
Completed: 30800 episodes
Completed: 30850 episodes
Completed: 30900 episodes
Completed: 30950 episodes
Completed: 31000 episodes
saved weights successfully
Completed: 31050 episodes
Completed: 31100 episodes
Completed: 31150 episodes
Completed: 31200 episodes
Completed: 31250 episodes
Completed: 31300 episodes
Completed: 31350 episodes
Completed: 31400 episodes
Completed: 31450 episodes
Completed: 31500 episodes
Completed: 31550 episodes
Completed: 31600 episodes
Completed: 31650 episodes
Completed: 31700 episodes
Completed: 31750 episodes
Completed: 31800 episodes
Completed: 31850 episodes
Completed: 31900 episodes
Completed: 31950 episodes
Completed: 32000 episodes
saved weights successfully
Completed: 32050 episodes
Completed: 32100 episodes
Completed: 32150 episodes
Completed: 32200 episodes
Completed: 32250 episodes
Completed: 32300 episodes
Completed: 32350 episodes
Completed: 32400 episodes
Completed: 32450 episodes
Completed: 32500 episodes
Completed: 32550 episodes
Completed: 32600 episodes
Completed: 32650 episodes
Completed: 32700 episodes
Completed: 32750 episodes
Completed: 32800 episodes
Completed: 32850 episodes
Completed: 32900 episodes
Completed: 32950 episodes
Completed: 33000 episodes
saved weights successfully
Completed: 33050 episodes
Completed: 33100 episodes
Completed: 33150 episodes
Completed: 33200 episodes
Completed: 33250 episodes
Completed: 33300 episodes
Completed: 33350 episodes
Completed: 33400 episodes
Completed: 33450 episodes
Completed: 33500 episodes
Completed: 33550 episodes
Completed: 33600 episodes
Completed: 33650 episodes
Completed: 33700 episodes
Completed: 33750 episodes
Completed: 33800 episodes
Completed: 33850 episodes
Completed: 33900 episodes
Completed: 33950 episodes
Completed: 34000 episodes
saved weights successfully
Completed: 34050 episodes
Completed: 34100 episodes
Completed: 34150 episodes
Completed: 34200 episodes
Completed: 34250 episodes
Completed: 34300 episodes
Completed: 34350 episodes
Completed: 34400 episodes
Completed: 34450 episodes
Completed: 34500 episodes
Completed: 34550 episodes
Completed: 34600 episodes
Completed: 34650 episodes
Completed: 34700 episodes
Completed: 34750 episodes
Completed: 34800 episodes
Completed: 34850 episodes
Completed: 34900 episodes
Completed: 34950 episodes
Completed: 35000 episodes
saved weights successfully
Completed: 35050 episodes
Completed: 35100 episodes
Completed: 35150 episodes
Completed: 35200 episodes
Completed: 35250 episodes
Completed: 35300 episodes
Completed: 35350 episodes
Completed: 35400 episodes
Completed: 35450 episodes
Completed: 35500 episodes
Completed: 35550 episodes
Completed: 35600 episodes
Completed: 35650 episodes
Completed: 35700 episodes
Completed: 35750 episodes
Completed: 35800 episodes
Completed: 35850 episodes
Completed: 35900 episodes
Completed: 35950 episodes
Completed: 36000 episodes
saved weights successfully
Completed: 36050 episodes
Completed: 36100 episodes
Completed: 36150 episodes
Completed: 36200 episodes
Completed: 36250 episodes
Completed: 36300 episodes
Completed: 36350 episodes
Completed: 36400 episodes
Completed: 36450 episodes
Completed: 36500 episodes
Completed: 36550 episodes
Completed: 36600 episodes
Completed: 36650 episodes
Completed: 36700 episodes
Completed: 36750 episodes
Completed: 36800 episodes
Completed: 36850 episodes
Completed: 36900 episodes
Completed: 36950 episodes
Completed: 37000 episodes
saved weights successfully
Completed: 37050 episodes
Completed: 37100 episodes
Completed: 37150 episodes
Completed: 37200 episodes
Completed: 37250 episodes
Completed: 37300 episodes
Completed: 37350 episodes
Completed: 37400 episodes
Completed: 37450 episodes
Completed: 37500 episodes
Completed: 37550 episodes
Completed: 37600 episodes
Completed: 37650 episodes
Completed: 37700 episodes
Completed: 37750 episodes
Completed: 37800 episodes
Completed: 37850 episodes
Completed: 37900 episodes
Completed: 37950 episodes
Completed: 38000 episodes
saved weights successfully
Completed: 38050 episodes
Completed: 38100 episodes
Completed: 38150 episodes
Completed: 38200 episodes
Completed: 38250 episodes
Completed: 38300 episodes
Completed: 38350 episodes
Completed: 38400 episodes
Completed: 38450 episodes
Completed: 38500 episodes
Completed: 38550 episodes
Completed: 38600 episodes
Completed: 38650 episodes
Completed: 38700 episodes
Completed: 38750 episodes
Completed: 38800 episodes
Completed: 38850 episodes
Completed: 38900 episodes
Completed: 38950 episodes
Completed: 39000 episodes
saved weights successfully
Completed: 39050 episodes
Completed: 39100 episodes
Completed: 39150 episodes
Completed: 39200 episodes
Completed: 39250 episodes
Completed: 39300 episodes
Completed: 39350 episodes
Completed: 39400 episodes
Completed: 39450 episodes
Completed: 39500 episodes
Completed: 39550 episodes
Completed: 39600 episodes
Completed: 39650 episodes
Completed: 39700 episodes
Completed: 39750 episodes
Completed: 39800 episodes
Completed: 39850 episodes
Completed: 39900 episodes
Completed: 39950 episodes
Completed: 40000 episodes
saved weights successfully
Completed: 40050 episodes
Completed: 40100 episodes
Completed: 40150 episodes
Completed: 40200 episodes
Completed: 40250 episodes
Completed: 40300 episodes
Completed: 40350 episodes
Completed: 40400 episodes
Completed: 40450 episodes
Completed: 40500 episodes
Completed: 40550 episodes
Completed: 40600 episodes
Completed: 40650 episodes
Completed: 40700 episodes
Completed: 40750 episodes
Completed: 40800 episodes
Completed: 40850 episodes
Completed: 40900 episodes
Completed: 40950 episodes
Completed: 41000 episodes
saved weights successfully
Completed: 41050 episodes
Completed: 41100 episodes
Completed: 41150 episodes
Completed: 41200 episodes
Completed: 41250 episodes
Completed: 41300 episodes
Completed: 41350 episodes
Completed: 41400 episodes
Completed: 41450 episodes
Completed: 41500 episodes
Completed: 41550 episodes
Completed: 41600 episodes
Completed: 41650 episodes
Completed: 41700 episodes
Completed: 41750 episodes
Completed: 41800 episodes
Completed: 41850 episodes
Completed: 41900 episodes
Completed: 41950 episodes
Completed: 42000 episodes
saved weights successfully
Completed: 42050 episodes
Completed: 42100 episodes
Completed: 42150 episodes
Completed: 42200 episodes
Completed: 42250 episodes
Completed: 42300 episodes
Completed: 42350 episodes
Completed: 42400 episodes
Completed: 42450 episodes
Completed: 42500 episodes
Completed: 42550 episodes
Completed: 42600 episodes
Completed: 42650 episodes
Completed: 42700 episodes
Completed: 42750 episodes
Completed: 42800 episodes
Completed: 42850 episodes
Completed: 42900 episodes
Completed: 42950 episodes
Completed: 43000 episodes
saved weights successfully
Completed: 43050 episodes
Completed: 43100 episodes
Completed: 43150 episodes
Completed: 43200 episodes
Completed: 43250 episodes
Completed: 43300 episodes
Completed: 43350 episodes
Completed: 43400 episodes
Completed: 43450 episodes
Completed: 43500 episodes
Completed: 43550 episodes
Completed: 43600 episodes
Completed: 43650 episodes
Completed: 43700 episodes
Completed: 43750 episodes
Completed: 43800 episodes
Completed: 43850 episodes
Completed: 43900 episodes
Completed: 43950 episodes
Completed: 44000 episodes
saved weights successfully
Completed: 44050 episodes
Completed: 44100 episodes
Completed: 44150 episodes
Completed: 44200 episodes
Completed: 44250 episodes
Completed: 44300 episodes
Completed: 44350 episodes
Completed: 44400 episodes
Completed: 44450 episodes
Completed: 44500 episodes
Completed: 44550 episodes
Completed: 44600 episodes
Completed: 44650 episodes
Completed: 44700 episodes
Completed: 44750 episodes
Completed: 44800 episodes
Completed: 44850 episodes
Completed: 44900 episodes
Completed: 44950 episodes
Completed: 45000 episodes
saved weights successfully
Completed: 45050 episodes
Completed: 45100 episodes
Completed: 45150 episodes
Completed: 45200 episodes
Completed: 45250 episodes
Completed: 45300 episodes
Completed: 45350 episodes
Completed: 45400 episodes
Completed: 45450 episodes
Completed: 45500 episodes
Completed: 45550 episodes
Completed: 45600 episodes
Completed: 45650 episodes
Completed: 45700 episodes
Completed: 45750 episodes
Completed: 45800 episodes
Completed: 45850 episodes
Completed: 45900 episodes
Completed: 45950 episodes
Completed: 46000 episodes
saved weights successfully
Completed: 46050 episodes
Completed: 46100 episodes
Completed: 46150 episodes
Completed: 46200 episodes
Completed: 46250 episodes
Completed: 46300 episodes
Completed: 46350 episodes
Completed: 46400 episodes
Completed: 46450 episodes
Completed: 46500 episodes
Completed: 46550 episodes
Completed: 46600 episodes
Completed: 46650 episodes
Completed: 46700 episodes
Completed: 46750 episodes
Completed: 46800 episodes
Completed: 46850 episodes
Completed: 46900 episodes
Completed: 46950 episodes
Completed: 47000 episodes
saved weights successfully
Completed: 47050 episodes
Completed: 47100 episodes
Completed: 47150 episodes
Completed: 47200 episodes
Completed: 47250 episodes
Completed: 47300 episodes
Completed: 47350 episodes
Completed: 47400 episodes
Completed: 47450 episodes
Completed: 47500 episodes
Completed: 47550 episodes
Completed: 47600 episodes
Completed: 47650 episodes
Completed: 47700 episodes
Completed: 47750 episodes
Completed: 47800 episodes
Completed: 47850 episodes
Completed: 47900 episodes
Completed: 47950 episodes
Completed: 48000 episodes
saved weights successfully
Completed: 48050 episodes
Completed: 48100 episodes
Completed: 48150 episodes
Completed: 48200 episodes
Completed: 48250 episodes
Completed: 48300 episodes
Completed: 48350 episodes
Completed: 48400 episodes
Completed: 48450 episodes
Completed: 48500 episodes
Completed: 48550 episodes
Completed: 48600 episodes
Completed: 48650 episodes
Completed: 48700 episodes
Completed: 48750 episodes
Completed: 48800 episodes
Completed: 48850 episodes
Completed: 48900 episodes
Completed: 48950 episodes
Completed: 49000 episodes
saved weights successfully
Completed: 49050 episodes
Completed: 49100 episodes
Completed: 49150 episodes
Completed: 49200 episodes
Completed: 49250 episodes
Completed: 49300 episodes
Completed: 49350 episodes
Completed: 49400 episodes
Completed: 49450 episodes
Completed: 49500 episodes
Completed: 49550 episodes
Completed: 49600 episodes
Completed: 49650 episodes
Completed: 49700 episodes
Completed: 49750 episodes
Completed: 49800 episodes
Completed: 49850 episodes
Completed: 49900 episodes
Completed: 49950 episodes
Completed: 50000 episodes
saved weights successfully
Completed: 50050 episodes
Completed: 50100 episodes
Completed: 50150 episodes
Completed: 50200 episodes
Completed: 50250 episodes
Completed: 50300 episodes
Completed: 50350 episodes
Completed: 50400 episodes
Completed: 50450 episodes
Completed: 50500 episodes
Completed: 50550 episodes
Completed: 50600 episodes
Completed: 50650 episodes
Completed: 50700 episodes
Completed: 50750 episodes
Completed: 50800 episodes
Completed: 50850 episodes
Completed: 50900 episodes
Completed: 50950 episodes
Completed: 51000 episodes
saved weights successfully
Completed: 51050 episodes
Completed: 51100 episodes
Completed: 51150 episodes
Completed: 51200 episodes
Completed: 51250 episodes
Completed: 51300 episodes
Completed: 51350 episodes
Completed: 51400 episodes
Completed: 51450 episodes
Completed: 51500 episodes
Completed: 51550 episodes
Completed: 51600 episodes
Completed: 51650 episodes
Completed: 51700 episodes
Completed: 51750 episodes
Completed: 51800 episodes
Completed: 51850 episodes
Completed: 51900 episodes
Completed: 51950 episodes
Completed: 52000 episodes
saved weights successfully
Completed: 52050 episodes
Completed: 52100 episodes
Completed: 52150 episodes
Completed: 52200 episodes
Completed: 52250 episodes
Completed: 52300 episodes
Completed: 52350 episodes
Completed: 52400 episodes
Completed: 52450 episodes
Completed: 52500 episodes
Completed: 52550 episodes
Completed: 52600 episodes
Completed: 52650 episodes
Completed: 52700 episodes
Completed: 52750 episodes
Completed: 52800 episodes
Completed: 52850 episodes
Completed: 52900 episodes
Completed: 52950 episodes
Completed: 53000 episodes
saved weights successfully
Completed: 53050 episodes
Completed: 53100 episodes
Completed: 53150 episodes
Completed: 53200 episodes
Completed: 53250 episodes
Completed: 53300 episodes
Completed: 53350 episodes
Completed: 53400 episodes
Completed: 53450 episodes
Completed: 53500 episodes
Completed: 53550 episodes
Completed: 53600 episodes
Completed: 53650 episodes
Completed: 53700 episodes
Completed: 53750 episodes
Completed: 53800 episodes
Completed: 53850 episodes
Completed: 53900 episodes
Completed: 53950 episodes
Completed: 54000 episodes
saved weights successfully
Completed: 54050 episodes
Completed: 54100 episodes
Completed: 54150 episodes
Completed: 54200 episodes
Completed: 54250 episodes
Completed: 54300 episodes
Completed: 54350 episodes
Completed: 54400 episodes
Completed: 54450 episodes
Completed: 54500 episodes
Completed: 54550 episodes
Completed: 54600 episodes
Completed: 54650 episodes
Completed: 54700 episodes
Completed: 54750 episodes
Completed: 54800 episodes
Completed: 54850 episodes
Completed: 54900 episodes
Completed: 54950 episodes
Completed: 55000 episodes
saved weights successfully
Completed: 55050 episodes
Completed: 55100 episodes
Completed: 55150 episodes
Completed: 55200 episodes
Completed: 55250 episodes
Completed: 55300 episodes
Completed: 55350 episodes
Completed: 55400 episodes
Completed: 55450 episodes
Completed: 55500 episodes
Completed: 55550 episodes
Completed: 55600 episodes
Completed: 55650 episodes
Completed: 55700 episodes
Completed: 55750 episodes
Completed: 55800 episodes
Completed: 55850 episodes
Completed: 55900 episodes
Completed: 55950 episodes
Completed: 56000 episodes
saved weights successfully
Completed: 56050 episodes
Completed: 56100 episodes
Completed: 56150 episodes
Completed: 56200 episodes
Completed: 56250 episodes
Completed: 56300 episodes
Completed: 56350 episodes
Completed: 56400 episodes
Completed: 56450 episodes
Completed: 56500 episodes
Completed: 56550 episodes
Completed: 56600 episodes
Completed: 56650 episodes
Completed: 56700 episodes
Completed: 56750 episodes
Completed: 56800 episodes
Completed: 56850 episodes
Completed: 56900 episodes
Completed: 56950 episodes
Completed: 57000 episodes
saved weights successfully
Completed: 57050 episodes
Completed: 57100 episodes
Completed: 57150 episodes
Completed: 57200 episodes
Completed: 57250 episodes
Completed: 57300 episodes
Completed: 57350 episodes
Completed: 57400 episodes
Completed: 57450 episodes
Completed: 57500 episodes
Completed: 57550 episodes
Completed: 57600 episodes
Completed: 57650 episodes
Completed: 57700 episodes
Completed: 57750 episodes
Completed: 57800 episodes
Completed: 57850 episodes
Completed: 57900 episodes
Completed: 57950 episodes
Completed: 58000 episodes
saved weights successfully
Completed: 58050 episodes
Completed: 58100 episodes
Completed: 58150 episodes
Completed: 58200 episodes
Completed: 58250 episodes
Completed: 58300 episodes
Completed: 58350 episodes
Completed: 58400 episodes
Completed: 58450 episodes
Completed: 58500 episodes
Completed: 58550 episodes
Completed: 58600 episodes
Completed: 58650 episodes
Completed: 58700 episodes
Completed: 58750 episodes
Completed: 58800 episodes
Completed: 58850 episodes
Completed: 58900 episodes
Completed: 58950 episodes
Completed: 59000 episodes
saved weights successfully
Completed: 59050 episodes
Completed: 59100 episodes
Completed: 59150 episodes
Completed: 59200 episodes
Completed: 59250 episodes
Completed: 59300 episodes
Completed: 59350 episodes
Completed: 59400 episodes
Completed: 59450 episodes
Completed: 59500 episodes
Completed: 59550 episodes
Completed: 59600 episodes
Completed: 59650 episodes
Completed: 59700 episodes
Completed: 59750 episodes
Completed: 59800 episodes
Completed: 59850 episodes
Completed: 59900 episodes
Completed: 59950 episodes
Completed: 60000 episodes
saved weights successfully
Completed: 60050 episodes
Completed: 60100 episodes
Completed: 60150 episodes
Completed: 60200 episodes
Completed: 60250 episodes
Completed: 60300 episodes
Completed: 60350 episodes
Completed: 60400 episodes
Completed: 60450 episodes
Completed: 60500 episodes
Completed: 60550 episodes
Completed: 60600 episodes
Completed: 60650 episodes
Completed: 60700 episodes
Completed: 60750 episodes
Completed: 60800 episodes
Completed: 60850 episodes
Completed: 60900 episodes
Completed: 60950 episodes
Completed: 61000 episodes
saved weights successfully
Completed: 61050 episodes
Completed: 61100 episodes
Completed: 61150 episodes
Completed: 61200 episodes
Completed: 61250 episodes
Completed: 61300 episodes
Completed: 61350 episodes
Completed: 61400 episodes
Completed: 61450 episodes
Completed: 61500 episodes
Completed: 61550 episodes
Completed: 61600 episodes
Completed: 61650 episodes
Completed: 61700 episodes
Completed: 61750 episodes
Completed: 61800 episodes
Completed: 61850 episodes
Completed: 61900 episodes
Completed: 61950 episodes
Completed: 62000 episodes
saved weights successfully
Completed: 62050 episodes
Completed: 62100 episodes
Completed: 62150 episodes
Completed: 62200 episodes
Completed: 62250 episodes
Completed: 62300 episodes
Completed: 62350 episodes
Completed: 62400 episodes
Completed: 62450 episodes
Completed: 62500 episodes
Completed: 62550 episodes
Completed: 62600 episodes
Completed: 62650 episodes
Completed: 62700 episodes
Completed: 62750 episodes
Completed: 62800 episodes
Completed: 62850 episodes
Completed: 62900 episodes
Completed: 62950 episodes
Completed: 63000 episodes
saved weights successfully
Completed: 63050 episodes
Completed: 63100 episodes
Completed: 63150 episodes
Completed: 63200 episodes
Completed: 63250 episodes
Completed: 63300 episodes
Completed: 63350 episodes
Completed: 63400 episodes
Completed: 63450 episodes
Completed: 63500 episodes
Completed: 63550 episodes
Completed: 63600 episodes
Completed: 63650 episodes
Completed: 63700 episodes
Completed: 63750 episodes
Completed: 63800 episodes
Completed: 63850 episodes
Completed: 63900 episodes
Completed: 63950 episodes
Completed: 64000 episodes
saved weights successfully
Completed: 64050 episodes
Completed: 64100 episodes
Completed: 64150 episodes
Completed: 64200 episodes
Completed: 64250 episodes
Completed: 64300 episodes
Completed: 64350 episodes
Completed: 64400 episodes
Completed: 64450 episodes
Completed: 64500 episodes
Completed: 64550 episodes
Completed: 64600 episodes
Completed: 64650 episodes
Completed: 64700 episodes
Completed: 64750 episodes
Completed: 64800 episodes
Completed: 64850 episodes
Completed: 64900 episodes
Completed: 64950 episodes
Completed: 65000 episodes
saved weights successfully
Completed: 65050 episodes
Completed: 65100 episodes
Completed: 65150 episodes
Completed: 65200 episodes
Completed: 65250 episodes
Completed: 65300 episodes
Completed: 65350 episodes
Completed: 65400 episodes
Completed: 65450 episodes
Completed: 65500 episodes
Completed: 65550 episodes
Completed: 65600 episodes
Completed: 65650 episodes
Completed: 65700 episodes
Completed: 65750 episodes
Completed: 65800 episodes
Completed: 65850 episodes
Completed: 65900 episodes
Completed: 65950 episodes
Completed: 66000 episodes
saved weights successfully
Completed: 66050 episodes
Completed: 66100 episodes
Completed: 66150 episodes
Completed: 66200 episodes
Completed: 66250 episodes
Completed: 66300 episodes
Completed: 66350 episodes
Completed: 66400 episodes
Completed: 66450 episodes
Completed: 66500 episodes
Completed: 66550 episodes
Completed: 66600 episodes
Completed: 66650 episodes
Completed: 66700 episodes
Completed: 66750 episodes
Completed: 66800 episodes
Completed: 66850 episodes
Completed: 66900 episodes
Completed: 66950 episodes
Completed: 67000 episodes
saved weights successfully
Completed: 67050 episodes
Completed: 67100 episodes
Completed: 67150 episodes
Completed: 67200 episodes
Completed: 67250 episodes
Completed: 67300 episodes
Completed: 67350 episodes
Completed: 67400 episodes
Completed: 67450 episodes
Completed: 67500 episodes
Completed: 67550 episodes
Completed: 67600 episodes
Completed: 67650 episodes
Completed: 67700 episodes
Completed: 67750 episodes
Completed: 67800 episodes
Completed: 67850 episodes
Completed: 67900 episodes
Completed: 67950 episodes
Completed: 68000 episodes
saved weights successfully
Completed: 68050 episodes
Completed: 68100 episodes
Completed: 68150 episodes
Completed: 68200 episodes
Completed: 68250 episodes
Completed: 68300 episodes
Completed: 68350 episodes
Completed: 68400 episodes
Completed: 68450 episodes
Completed: 68500 episodes
Completed: 68550 episodes
Completed: 68600 episodes
Completed: 68650 episodes
Completed: 68700 episodes
Completed: 68750 episodes
Completed: 68800 episodes
Completed: 68850 episodes
Completed: 68900 episodes
Completed: 68950 episodes
Completed: 69000 episodes
saved weights successfully
Completed: 69050 episodes
Completed: 69100 episodes
Completed: 69150 episodes
Completed: 69200 episodes
Completed: 69250 episodes
Completed: 69300 episodes
Completed: 69350 episodes
Completed: 69400 episodes
Completed: 69450 episodes
Completed: 69500 episodes
Completed: 69550 episodes
Completed: 69600 episodes
Completed: 69650 episodes
Completed: 69700 episodes
Completed: 69750 episodes
Completed: 69800 episodes
Completed: 69850 episodes
Completed: 69900 episodes
Completed: 69950 episodes
Completed: 70000 episodes
saved weights successfully
Completed: 70050 episodes
Completed: 70100 episodes
Completed: 70150 episodes
Completed: 70200 episodes
Completed: 70250 episodes
Completed: 70300 episodes
Completed: 70350 episodes
Completed: 70400 episodes
Completed: 70450 episodes
Completed: 70500 episodes
Completed: 70550 episodes
Completed: 70600 episodes
Completed: 70650 episodes
Completed: 70700 episodes
Completed: 70750 episodes
Completed: 70800 episodes
Completed: 70850 episodes
Completed: 70900 episodes
Completed: 70950 episodes
Completed: 71000 episodes
saved weights successfully
Completed: 71050 episodes
Completed: 71100 episodes
Completed: 71150 episodes
Completed: 71200 episodes
Completed: 71250 episodes
Completed: 71300 episodes
Completed: 71350 episodes
Completed: 71400 episodes
Completed: 71450 episodes
Completed: 71500 episodes
Completed: 71550 episodes
Completed: 71600 episodes
Completed: 71650 episodes
Completed: 71700 episodes
Completed: 71750 episodes
Completed: 71800 episodes
Completed: 71850 episodes
Completed: 71900 episodes
Completed: 71950 episodes
Completed: 72000 episodes
saved weights successfully
Completed: 72050 episodes
Completed: 72100 episodes
Completed: 72150 episodes
Completed: 72200 episodes
Completed: 72250 episodes
Completed: 72300 episodes
Completed: 72350 episodes
Completed: 72400 episodes
Completed: 72450 episodes
Completed: 72500 episodes
Completed: 72550 episodes
Completed: 72600 episodes
Completed: 72650 episodes
Completed: 72700 episodes
Completed: 72750 episodes
Completed: 72800 episodes
Completed: 72850 episodes
Completed: 72900 episodes
Completed: 72950 episodes
Completed: 73000 episodes
saved weights successfully
Completed: 73050 episodes
Completed: 73100 episodes
Completed: 73150 episodes
Completed: 73200 episodes
Completed: 73250 episodes
Completed: 73300 episodes
Completed: 73350 episodes
Completed: 73400 episodes
Completed: 73450 episodes
Completed: 73500 episodes
Completed: 73550 episodes
Completed: 73600 episodes
Completed: 73650 episodes
Completed: 73700 episodes
Completed: 73750 episodes
Completed: 73800 episodes
Completed: 73850 episodes
Completed: 73900 episodes
Completed: 73950 episodes
Completed: 74000 episodes
saved weights successfully
Completed: 74050 episodes
Completed: 74100 episodes
Completed: 74150 episodes
Completed: 74200 episodes
Completed: 74250 episodes
Completed: 74300 episodes
Completed: 74350 episodes
